Start testing: Aug 09 10:15 KST
----------------------------------------------------------
1/2 Testing: branchtalk_client.smoke
1/2 Test: branchtalk_client.smoke
Command: "/Users/kyungmin/BrankTalk/build/branchtalk_client"
Directory: /Users/kyungmin/BrankTalk/build
"branchtalk_client.smoke" start time: Aug 09 10:15 KST
Output:
----------------------------------------------------------
<end of output>
Test time =   0.00 sec
----------------------------------------------------------
Test Passed.
"branchtalk_client.smoke" end time: Aug 09 10:15 KST
"branchtalk_client.smoke" time elapsed: 00:00:00
----------------------------------------------------------

2/2 Testing: branchtalk_server.smoke
2/2 Test: branchtalk_server.smoke
Command: "/Users/kyungmin/BrankTalk/build/branchtalk_server"
Directory: /Users/kyungmin/BrankTalk/build
"branchtalk_server.smoke" start time: Aug 09 10:15 KST
Output:
----------------------------------------------------------
<end of output>
Test time =   0.00 sec
----------------------------------------------------------
Test Passed.
"branchtalk_server.smoke" end time: Aug 09 10:15 KST
"branchtalk_server.smoke" time elapsed: 00:00:00
----------------------------------------------------------

End testing: Aug 09 10:15 KST
